<?xml version="1.0" encoding="UTF-8"?>
<!-- Generated by org.testng.reporters.JUnitReportReporter -->
<testsuite hostname="Nemo" failures="1" tests="3" name="com.testng.CrossBrowserTesting" time="24.826" errors="0" timestamp="2024-11-19T13:23:38 IST" skipped="0">
  <testcase classname="com.testng.CrossBrowserTesting" name="FirefoxBrowser" time="10.545">
    <failure message="***ERROR DURING TERMINATING BROWSER***" type="java.lang.AssertionError">
      <![CDATA[java.lang.AssertionError: ***ERROR DURING TERMINATING BROWSER***
at org.junit.Assert.fail(Assert.java:89)
at com.baseclass.Baseclass.terminateBrowser(Baseclass.java:55)
at com.testng.CrossBrowserTesting.FirefoxBrowser(CrossBrowserTesting.java:32)
at java.base/jdk.internal.reflect.DirectMethodHandleAccessor.invoke(DirectMethodHandleAccessor.java:103)
at java.base/java.lang.reflect.Method.invoke(Method.java:580)
at org.testng.internal.MethodInvocationHelper.invokeMethod(MethodInvocationHelper.java:133)
at org.testng.internal.TestInvoker.invokeMethod(TestInvoker.java:598)
at org.testng.internal.TestInvoker.invokeTestMethod(TestInvoker.java:173)
at org.testng.internal.MethodRunner.runInSequence(MethodRunner.java:46)
at org.testng.internal.TestInvoker$MethodInvocationAgent.invoke(TestInvoker.java:824)
at org.testng.internal.TestInvoker.invokeTestMethods(TestInvoker.java:146)
at org.testng.internal.TestMethodWorker.invokeTestMethods(TestMethodWorker.java:146)
at org.testng.internal.TestMethodWorker.run(TestMethodWorker.java:128)
at java.base/java.util.concurrent.ThreadPoolExecutor.runWorker(ThreadPoolExecutor.java:1144)
at java.base/java.util.concurrent.ThreadPoolExecutor$Worker.run(ThreadPoolExecutor.java:642)
at java.base/java.lang.Thread.run(Thread.java:1583)
]]>
    </failure>
  </testcase> <!-- FirefoxBrowser -->
  <system-out/>
  <testcase classname="com.testng.CrossBrowserTesting" name="ChromeBrowser" time="3.807"/>
  <system-out/>
  <testcase classname="com.testng.CrossBrowserTesting" name="EdgeBrowser" time="10.474"/>
  <system-out/>
</testsuite> <!-- com.testng.CrossBrowserTesting -->
