<?xml version="1.0" encoding="UTF-8"?>
<!-- Generated by org.testng.reporters.JUnitReportReporter -->
<testsuite hostname="Nemo" failures="0" tests="3" name="com.testng.SimpleAnnotations" time="0.039" errors="0" timestamp="2024-11-19T13:23:38 IST" skipped="0">
  <testcase classname="com.testng.SimpleAnnotations" name="women" time="0.012"/>
  <system-out/>
  <testcase classname="com.testng.SimpleAnnotations" name="men" time="0.012"/>
  <system-out/>
  <testcase classname="com.testng.SimpleAnnotations" name="kids" time="0.015"/>
  <system-out/>
</testsuite> <!-- com.testng.SimpleAnnotations -->
